2025-02-21 12:38:21,442 INFO: YouTube Downloader startup [in D:\testing projects\youtube\app\__init__.py:23]
2025-02-21 12:38:46,419 ERROR: Page not found: 404 Not Found: The requested URL was not found on the server. If you entered the URL manually please check your spelling and try again. [in D:\testing projects\youtube\app\__init__.py:41]
2025-02-21 12:39:22,673 INFO: Attempting download: https://www.youtube.com/watch?v=QDKPdf86QtY as video [in D:\testing projects\youtube\app\utils\universal_downloader.py:101]
2025-02-21 12:39:28,746 INFO: Download progress:   0.0% at  979.06KiB/s [in D:\testing projects\youtube\app\utils\universal_downloader.py:151]
2025-02-21 12:39:28,748 INFO: Download progress:   0.0% at  903.56KiB/s [in D:\testing projects\youtube\app\utils\universal_downloader.py:151]
2025-02-21 12:39:28,778 INFO: Download progress:   0.1% at  208.04KiB/s [in D:\testing projects\youtube\app\utils\universal_downloader.py:151]
2025-02-21 12:39:28,780 INFO: Download progress:   0.2% at  412.03KiB/s [in D:\testing projects\youtube\app\utils\universal_downloader.py:151]
2025-02-21 12:39:28,780 INFO: Download progress:   0.4% at  851.52KiB/s [in D:\testing projects\youtube\app\utils\universal_downloader.py:151]
2025-02-21 12:39:28,828 INFO: Download progress:   0.8% at  753.93KiB/s [in D:\testing projects\youtube\app\utils\universal_downloader.py:151]
2025-02-21 12:39:28,845 INFO: Download progress:   1.7% at    1.22MiB/s [in D:\testing projects\youtube\app\utils\universal_downloader.py:151]
2025-02-21 12:39:28,896 INFO: Download progress:   3.4% at    1.63MiB/s [in D:\testing projects\youtube\app\utils\universal_downloader.py:151]
2025-02-21 12:39:28,995 INFO: Download progress:   6.8% at    1.99MiB/s [in D:\testing projects\youtube\app\utils\universal_downloader.py:151]
2025-02-21 12:39:29,260 INFO: Download progress:  13.6% at    1.99MiB/s [in D:\testing projects\youtube\app\utils\universal_downloader.py:151]
2025-02-21 12:39:29,761 INFO: Download progress:  27.2% at    1.96MiB/s [in D:\testing projects\youtube\app\utils\universal_downloader.py:151]
2025-02-21 12:39:30,760 INFO: Download progress:  53.6% at    1.95MiB/s [in D:\testing projects\youtube\app\utils\universal_downloader.py:151]
2025-02-21 12:39:31,743 INFO: Download progress:  79.9% at    1.96MiB/s [in D:\testing projects\youtube\app\utils\universal_downloader.py:151]
2025-02-21 12:39:32,686 INFO: Download progress: 100.0% at    1.86MiB/s [in D:\testing projects\youtube\app\utils\universal_downloader.py:151]
2025-02-21 12:39:32,689 INFO: Download completed successfully [in D:\testing projects\youtube\app\utils\universal_downloader.py:146]
2025-02-21 12:39:32,699 INFO: Download successful: downloads\videos\kehte_hain_khuda_ne_is_janha_me_sabhi_ke_liye_.._Rabta_Agent_vinod.mp4 [in D:\testing projects\youtube\app\utils\universal_downloader.py:115]
2025-02-21 12:44:57,158 INFO: Attempting download: https://www.youtube.com/watch?v=QDKPdf86QtY as video [in D:\testing projects\youtube\app\utils\universal_downloader.py:101]
2025-02-21 12:45:04,447 INFO: Download completed successfully [in D:\testing projects\youtube\app\utils\universal_downloader.py:146]
2025-02-21 12:45:04,501 INFO: Download successful: downloads\videos\kehte_hain_khuda_ne_is_janha_me_sabhi_ke_liye_.._Rabta_Agent_vinod.mp4 [in D:\testing projects\youtube\app\utils\universal_downloader.py:115]
2025-02-21 12:49:33,169 INFO: Attempting download: https://www.youtube.com/watch?v=QDKPdf86QtY as video [in D:\testing projects\youtube\app\utils\universal_downloader.py:101]
2025-02-21 12:49:41,104 INFO: Download completed successfully [in D:\testing projects\youtube\app\utils\universal_downloader.py:146]
2025-02-21 12:49:41,161 INFO: Download successful: downloads\videos\kehte_hain_khuda_ne_is_janha_me_sabhi_ke_liye_.._Rabta_Agent_vinod.mp4 [in D:\testing projects\youtube\app\utils\universal_downloader.py:115]
2025-02-21 12:59:09,069 INFO: YouTube Downloader startup [in D:\testing projects\youtube\app\__init__.py:23]
2025-02-21 12:59:45,202 ERROR: Page not found: 404 Not Found: The requested URL was not found on the server. If you entered the URL manually please check your spelling and try again. [in D:\testing projects\youtube\app\__init__.py:41]
2025-02-21 12:59:55,689 INFO: Download attempt 1 with Mozilla/5.0 (Windows NT 10.0; ... [in D:\testing projects\youtube\app\utils\universal_downloader.py:139]
2025-02-21 12:59:56,989 INFO: Download attempt 2 with Mozilla/5.0 (Linux; Android 12... [in D:\testing projects\youtube\app\utils\universal_downloader.py:139]
2025-02-21 12:59:57,958 INFO: Download attempt 3 with Mozilla/5.0 (iPhone; CPU iPhon... [in D:\testing projects\youtube\app\utils\universal_downloader.py:139]
2025-02-21 13:02:19,562 INFO: Download attempt 1 with Mozilla/5.0 (Windows NT 10.0; ... [in D:\testing projects\youtube\app\utils\universal_downloader.py:139]
2025-02-21 13:02:20,402 INFO: Download attempt 2 with Mozilla/5.0 (Linux; Android 12... [in D:\testing projects\youtube\app\utils\universal_downloader.py:139]
2025-02-21 13:02:21,150 INFO: Download attempt 3 with Mozilla/5.0 (iPhone; CPU iPhon... [in D:\testing projects\youtube\app\utils\universal_downloader.py:139]
2025-02-21 13:07:55,668 INFO: YouTube Downloader startup [in D:\testing projects\youtube\app\__init__.py:22]
2025-02-21 13:07:55,668 INFO: Created directory base: D:\testing projects\youtube\downloads [in D:\testing projects\youtube\app\config.py:89]
2025-02-21 13:07:55,668 INFO: Created directory video: D:\testing projects\youtube\downloads\videos [in D:\testing projects\youtube\app\config.py:89]
2025-02-21 13:07:55,678 INFO: Created directory audio: D:\testing projects\youtube\downloads\audio [in D:\testing projects\youtube\app\config.py:89]
2025-02-21 13:07:55,680 INFO: Created directory temp: D:\testing projects\youtube\downloads\temp [in D:\testing projects\youtube\app\config.py:89]
2025-02-21 13:07:55,680 INFO: Created directory playlists: D:\testing projects\youtube\downloads\playlists [in D:\testing projects\youtube\app\config.py:89]
2025-02-21 13:08:44,262 INFO: Successfully downloaded: D:\testing projects\youtube\downloads\videos\kehte hain khuda ne is janha me sabhi ke liye .. (Rabta) Agent vinod.mp4 [in D:\testing projects\youtube\app\utils\universal_downloader.py:147]
2025-02-21 17:20:36,492 INFO: YouTube Downloader startup [in D:\testing projects\youtube\app\__init__.py:22]
2025-02-21 17:20:36,501 INFO: Created directory base: D:\testing projects\youtube\downloads [in D:\testing projects\youtube\app\config.py:89]
2025-02-21 17:20:36,505 INFO: Created directory video: D:\testing projects\youtube\downloads\videos [in D:\testing projects\youtube\app\config.py:89]
2025-02-21 17:20:36,509 INFO: Created directory audio: D:\testing projects\youtube\downloads\audio [in D:\testing projects\youtube\app\config.py:89]
2025-02-21 17:20:36,520 INFO: Created directory temp: D:\testing projects\youtube\downloads\temp [in D:\testing projects\youtube\app\config.py:89]
2025-02-21 17:20:36,537 INFO: Created directory playlists: D:\testing projects\youtube\downloads\playlists [in D:\testing projects\youtube\app\config.py:89]
2025-02-21 17:21:26,884 INFO: Successfully downloaded: D:\testing projects\youtube\downloads\videos\kehte hain khuda ne is janha me sabhi ke liye .. (Rabta) Agent vinod.mp4 [in D:\testing projects\youtube\app\utils\universal_downloader.py:147]
2025-02-21 17:21:58,267 INFO: Successfully downloaded: D:\testing projects\youtube\downloads\audio\kehte hain khuda ne is janha me sabhi ke liye .. (Rabta) Agent vinod.mp3 [in D:\testing projects\youtube\app\utils\universal_downloader.py:147]
2025-02-21 17:22:20,386 INFO: Attempting to download thumbnail for: https://www.youtube.com/watch?v=SBmSRK3feww [in D:\testing projects\youtube\app\utils\thumbnail_downloader.py:62]
2025-02-21 17:22:23,105 ERROR: Thumbnail download error: [0;31mERROR:[0m [youtube] SBmSRK3feww: This video is unavailable [in D:\testing projects\youtube\app\utils\thumbnail_downloader.py:117]
2025-02-21 17:22:25,021 ERROR: Alternate thumbnail download method failed: [0;31mERROR:[0m [youtube] SBmSRK3feww: This video is unavailable [in D:\testing projects\youtube\app\utils\thumbnail_downloader.py:147]
2025-02-21 17:31:19,043 INFO: Attempting to download thumbnail for: https://www.youtube.com/watch?v=QDKPdf86QtY [in D:\testing projects\youtube\app\utils\thumbnail_downloader.py:62]
2025-02-21 17:31:25,012 INFO: Successfully downloaded thumbnail: kehte hain khuda ne is janha me sabhi ke liye .. _Rabta_ Agent vinod_thumbnail.jpg [in D:\testing projects\youtube\app\utils\thumbnail_downloader.py:101]
